<?xml version="1.0" encoding="UTF-8"?>
<testsuite xmlns:xsi="http://www.w3.org/2001/XMLSchema-instance" xsi:noNamespaceSchemaLocation="https://maven.apache.org/surefire/maven-surefire-plugin/xsd/surefire-test-report-3.0.xsd" version="3.0" name="CatTest" time="0.07" tests="5" errors="0" skipped="0" failures="0">
  <properties>
[...]
</properties>
  <testcase name="getFoodShouldReturnPredatorFoodFromInjectedFeline" classname="CatTest" time="0.046"/>
  <testcase name="constructorShouldSetPredatorField(Feline)[1]" classname="CatTest" time="0.003"/>
  <testcase name="constructorShouldSetPredatorField(Feline)[2]" classname="CatTest" time="0.002"/>
  <testcase name="getFoodFromFeline" classname="CatTest" time="0.004"/>
  <testcase name="getSoundShouldReturnMeow" classname="CatTest" time="0.003"/>
</testsuite>